<?xml version="1.0" encoding="UTF-8"?>
<!-- Generated by org.testng.reporters.JUnitReportReporter -->
<testsuite hostname="ws-tall-71" name="test.java.BuildDeviesList" tests="1" failures="0" timestamp="29 Dec 2015 15:11:01 GMT" time="2.193" errors="0">
  <testcase name="deviceList" time="2.193" classname="test.java.BuildDeviesList"/>
</testsuite> <!-- test.java.BuildDeviesList -->
